Arguments: 
  C:\Users\cjgonzalez\AppData\Local\Volta\tools\image\node\18.1.0\node.exe C:\Users\cjgonzalez\AppData\Local\Volta\tools\image\yarn\1.22.0\bin\yarn.js install

PATH: 
  C:\Users\cjgonzalez\AppData\Local\Volta\tools\image\npm\7.18.1\bin;C:\Users\cjgonzalez\AppData\Local\Volta\tools\image\yarn\1.22.0\bin;C:\Users\cjgonzalez\AppData\Local\Volta\tools\image\node\18.1.0;C:\Program Files\Volta\;C:\Program Files\Common Files\Oracle\Java\javapath;C:\Program Files\Microsoft\jdk-11.0.16.101-hotspot\bin;C:\Program Files\Eclipse Foundation\jdk-8.0.302.8-hotspot\bin;C:\Program Files (x86)\Common Files\Oracle\Java\javapath;C:\Windows\system32;C:\Windows;C:\Windows\System32\Wbem;C:\Windows\System32\WindowsPowerShell\v1.0\;C:\Windows\System32\OpenSSH\;C:\Program Files\Git\cmd;C:\Program Files\Microsoft SQL Server\140\Tools\Binn\;C:\Program Files\Microsoft SQL Server\Client SDK\ODBC\170\Tools\Binn\;C:\Program Files\Microsoft SQL Server\130\Tools\Binn\;C:\Program Files (x86)\Microsoft SQL Server\150\Tools\Binn\;C:\Program Files\Microsoft SQL Server\150\Tools\Binn\;C:\Program Files\Microsoft SQL Server\150\DTS\Binn\;C:\Program Files (x86)\Microsoft SQL Server\150\DTS\Binn\;C:\Program Files\Azure Data Studio\bin;C:\WINDOWS\system32;C:\WINDOWS;C:\WINDOWS\System32\Wbem;C:\WINDOWS\System32\WindowsPowerShell\v1.0\;C:\WINDOWS\System32\OpenSSH\;C:\Program Files (x86)\dotnet\;C:\Program Files\Microsoft\Web Platform Installer\;C:\Program Files\Java\jdk1.8.0_72\bin;C:\Program Files\Go\bin;C:\Program Files (x86)\Java\jdk1.8.0_291\bin;C:\Program Files\dotnet\;C:\Program Files\Apache Software Foundation\Tomcat 10.1\bin;%NVM_HOME%;%NVM_SYMLINK%;C:\Program Files\MySQL\MySQL Shell 8.0\bin\;C:\Users\cjgonzalez\AppData\Local\Programs\Python\Python310\Scripts\;C:\Users\cjgonzalez\AppData\Local\Programs\Python\Python310\;C:\Users\cjgonzalez\AppData\Local\Microsoft\WindowsApps;C:\Program Files\Azure Data Studio\bin;C:\Users\cjgonzalez\AppData\Roaming\npm;C:\Program Files\Java\jdk1.8.0_72\bin;C:\Users\cjgonzalez\go\bin;C:\Users\cjgonzalez\.dotnet\tools;C:\Program Files\Apache Software Foundation\Tomcat 10.1\bin;C:\Users\cjgonzalez\AppData\Roaming\nvm;C:\Program Files\nodejs

Yarn version: 
  1.22.0

Node version: 
  18.1.0

Platform: 
  win32 x64

Trace: 
  Invariant Violation: could not find a copy of typescript to link in C:\Users\cjgonzalez\Desktop\DigoPago\portal-admin\node_modules\rxjs-tslint\node_modules
      at invariant (C:\Users\cjgonzalez\AppData\Local\Volta\tools\image\yarn\1.22.0\lib\cli.js:2314:15)
      at PackageLinker.<anonymous> (C:\Users\cjgonzalez\AppData\Local\Volta\tools\image\yarn\1.22.0\lib\cli.js:48716:7)
      at Generator.next (<anonymous>)
      at step (C:\Users\cjgonzalez\AppData\Local\Volta\tools\image\yarn\1.22.0\lib\cli.js:310:30)
      at C:\Users\cjgonzalez\AppData\Local\Volta\tools\image\yarn\1.22.0\lib\cli.js:321:13
      at process.processTicksAndRejections (node:internal/process/task_queues:95:5)

npm manifest: 
  {
    "name": "material",
    "version": "0.0.0",
    "license": "MIT",
    "scripts": {
      "ng": "ng",
      "start": "ng serve",
      "build": "ng build",
      "test": "ng test",
      "lint": "ng lint",
      "e2e": "ng e2e"
    },
    "private": true,
    "dependencies": {
      "@angular-devkit/core": "0.6.3",
      "@angular/animations": "6.0.3",
      "@angular/cdk": "^6.1.0",
      "@angular/common": "6.0.3",
      "@angular/compiler": "6.0.3",
      "@angular/core": "6.0.3",
      "@angular/flex-layout": "2.0.0-beta.10-4905443",
      "@angular/forms": "6.0.3",
      "@angular/http": "6.0.3",
      "@angular/material": "^6.1.0",
      "@angular/material-moment-adapter": "^6.3.3",
      "@angular/platform-browser": "6.0.3",
      "@angular/platform-browser-dynamic": "6.0.3",
      "@angular/router": "6.0.3",
      "@swimlane/ngx-charts": "^7.0.1",
      "@swimlane/ngx-datatable": "^11.1.5",
      "angular-ng-autocomplete": "^2.0.1",
      "bignumber.js": "^9.0.1",
      "core-js": "^2.4.1",
      "d3": "^4.8.0",
      "diff2html": "^2.4.0",
      "export-to-csv": "^0.2.1",
      "file-saver": "^1.3.8",
      "global": "^4.3.2",
      "hammerjs": "^2.0.8",
      "hogan": "^1.0.2",
      "jquery": "^3.2.1",
      "jspdf": "^1.5.3",
      "jspdf-autotable": "^3.4.6",
      "moment": "^2.20.0",
      "ng-multiselect-dropdown": "^0.3.4",
      "ng2-pdf-viewer": "^5.3.4",
      "ngx-image-zoom": "^0.3.4",
      "ngx-perfect-scrollbar": "^5.0.0",
      "ngx-quill": "^3.1.0",
      "node-sass": "^4.14.1",
      "path": "^0.12.7",
      "pdfjs-dist": "^2.0.943",
      "rxjs": "^6.2.0",
      "rxjs-compat": "^6.2.0",
      "rxjs-tslint": "^0.1.4",
      "xlsx": "^0.13.3",
      "zone.js": "^0.8.26"
    },
    "devDependencies": {
      "@angular-devkit/build-angular": "~0.10.0",
      "@angular/cli": "^6.0.5",
      "@angular/compiler-cli": "6.0.3",
      "@angular/language-service": "6.0.3",
      "@types/chartist": "^0.9.37",
      "@types/jasmine": "~2.5.53",
      "@types/jasminewd2": "~2.0.2",
      "@types/jquery": "^3.2.5",
      "@types/node": "~6.0.60",
      "codelyzer": "~3.2.0",
      "jasmine-core": "~2.6.2",
      "jasmine-spec-reporter": "~4.1.0",
      "karma": "~1.7.0",
      "karma-chrome-launcher": "~2.1.1",
      "karma-cli": "~1.0.1",
      "karma-coverage-istanbul-reporter": "^1.2.1",
      "karma-jasmine": "~1.1.0",
      "karma-jasmine-html-reporter": "^0.2.2",
      "protractor": "~5.1.2",
      "ts-node": "~3.2.0",
      "tslint": "~5.7.0",
      "typescript": "^3.0.0"
    },
    "volta": {
      "node": "18.1.0",
      "npm": "7.18.1",
      "yarn": "1.22.0"
    }
  }

yarn manifest: 
  No manifest

Lockfile: 
  No lockfile
